<?xml version="1.0" encoding="UTF-8"?>
<testsuite xmlns:xsi="http://www.w3.org/2001/XMLSchema-instance" xsi:noNamespaceSchemaLocation="https://maven.apache.org/surefire/maven-surefire-plugin/xsd/surefire-test-report.xsd" version="3.0.2" name="com.sarinkejohn.minipaymentengine.MinipaymentEngineApplicationTests" time="37.637" tests="6" errors="0" skipped="0" failures="0">
  <properties>
[...]
</properties>
  <testcase name="testBlockedCustomer" classname="com.sarinkejohn.minipaymentengine.MinipaymentEngineApplicationTests" time="5.344">
    <system-out><![CDATA[17:50:41.859 [main] INFO org.springframework.test.context.support.AnnotationConfigContextLoaderUtils -- Could not detect default configuration classes for test class [com.sarinkejohn.minipaymentengine.MinipaymentEngineApplicationTests]: MinipaymentEngineApplicationTests does not declare any static, non-private, non-final, nested classes annotated with @Configuration.
17:50:42.354 [main] INFO org.springframework.boot.test.context.SpringBootTestContextBootstrapper -- Found @SpringBootConfiguration com.sarinkejohn.minipaymentengine.MinipaymentEngineApplication for test class com.sarinkejohn.minipaymentengine.MinipaymentEngineApplicationTests

  .   ____          _            __ _ _
 /\\ / ___'_ __ _ _(_)_ __  __ _ \ \ \ \
( ( )\___ | '_ | '_| | '_ \/ _` | \ \ \ \
 \\/  ___)| |_)| | | | | || (_| |  ) ) ) )
  '  |____| .__|_| |_|_| |_\__, | / / / /
 =========|_|==============|___/=/_/_/_/

 :: Spring Boot ::                (v4.0.1)

2026-05-21T17:50:45.096+03:00  INFO 298287 --- [           main] [                                                 ] c.s.m.MinipaymentEngineApplicationTests  : Starting MinipaymentEngineApplicationTests using Java 21.0.11-ea with PID 298287 (started by sarinke in /home/sarinke/API-SEC/BankingApp/minipaymentChargesandwallettransactionEngine/dev)
2026-05-21T17:50:45.108+03:00  INFO 298287 --- [           main] [                                                 ] c.s.m.MinipaymentEngineApplicationTests  : The following 1 profile is active: "test"
2026-05-21T17:50:50.107+03:00  INFO 298287 --- [           main] [                                                 ] .s.d.r.c.RepositoryConfigurationDelegate : Multiple Spring Data modules found, entering strict repository configuration mode
2026-05-21T17:50:50.117+03:00  INFO 298287 --- [           main] [                                                 ] .s.d.r.c.RepositoryConfigurationDelegate : Bootstrapping Spring Data JPA repositories in DEFAULT mode.
2026-05-21T17:50:51.037+03:00  INFO 298287 --- [           main] [                                                 ] .s.d.r.c.RepositoryConfigurationDelegate : Finished Spring Data repository scanning in 863 ms. Found 4 JPA repository interfaces.
2026-05-21T17:50:51.328+03:00  INFO 298287 --- [           main] [                                                 ] .s.d.r.c.RepositoryConfigurationDelegate : Multiple Spring Data modules found, entering strict repository configuration mode
2026-05-21T17:50:51.334+03:00  INFO 298287 --- [           main] [                                                 ] .s.d.r.c.RepositoryConfigurationDelegate : Bootstrapping Spring Data Redis repositories in DEFAULT mode.
2026-05-21T17:50:51.522+03:00  INFO 298287 --- [           main] [                                                 ] .RepositoryConfigurationExtensionSupport : Spring Data Redis - Could not safely identify store assignment for repository candidate interface com.sarinkejohn.minipaymentengine.repository.ChargeRuleRepository; If you want this repository to be a Redis repository, consider annotating your entities with one of these annotations: org.springframework.data.redis.core.RedisHash (preferred), or consider extending one of the following types with your repository: org.springframework.data.keyvalue.repository.KeyValueRepository
2026-05-21T17:50:51.525+03:00  INFO 298287 --- [           main] [                                                 ] .RepositoryConfigurationExtensionSupport : Spring Data Redis - Could not safely identify store assignment for repository candidate interface com.sarinkejohn.minipaymentengine.repository.CustomerRepository; If you want this repository to be a Redis repository, consider annotating your entities with one of these annotations: org.springframework.data.redis.core.RedisHash (preferred), or consider extending one of the following types with your repository: org.springframework.data.keyvalue.repository.KeyValueRepository
2026-05-21T17:50:51.534+03:00  INFO 298287 --- [           main] [                                                 ] .RepositoryConfigurationExtensionSupport : Spring Data Redis - Could not safely identify store assignment for repository candidate interface com.sarinkejohn.minipaymentengine.repository.TransactionRepository; If you want this repository to be a Redis repository, consider annotating your entities with one of these annotations: org.springframework.data.redis.core.RedisHash (preferred), or consider extending one of the following types with your repository: org.springframework.data.keyvalue.repository.KeyValueRepository
2026-05-21T17:50:51.538+03:00  INFO 298287 --- [           main] [                                                 ] .RepositoryConfigurationExtensionSupport : Spring Data Redis - Could not safely identify store assignment for repository candidate interface com.sarinkejohn.minipaymentengine.repository.WalletRepository; If you want this repository to be a Redis repository, consider annotating your entities with one of these annotations: org.springframework.data.redis.core.RedisHash (preferred), or consider extending one of the following types with your repository: org.springframework.data.keyvalue.repository.KeyValueRepository
2026-05-21T17:50:51.541+03:00  INFO 298287 --- [           main] [                                                 ] .s.d.r.c.RepositoryConfigurationDelegate : Finished Spring Data repository scanning in 112 ms. Found 0 Redis repository interfaces.
2026-05-21T17:50:56.347+03:00  INFO 298287 --- [           main] [                                                 ] o.s.boot.tomcat.TomcatWebServer          : Tomcat initialized with port 0 (http)
2026-05-21T17:50:56.403+03:00  INFO 298287 --- [           main] [                                                 ] o.apache.catalina.core.StandardService   : Starting service [Tomcat]
2026-05-21T17:50:56.406+03:00  INFO 298287 --- [           main] [                                                 ] o.apache.catalina.core.StandardEngine    : Starting Servlet engine: [Apache Tomcat/11.0.15]
2026-05-21T17:50:56.630+03:00  INFO 298287 --- [           main] [                                                 ] b.w.c.s.WebApplicationContextInitializer : Root WebApplicationContext: initialization completed in 11341 ms
2026-05-21T17:50:57.391+03:00  INFO 298287 --- [           main] [                                                 ] i.m.c.instrument.push.PushMeterRegistry  : Publishing metrics for OtlpMeterRegistry every 1m to http://localhost:4318/v1/metrics with resource attributes {service.name=unknown_service}
2026-05-21T17:50:58.675+03:00  INFO 298287 --- [           main] [                                                 ] org.hibernate.orm.jpa                    : HHH008540: Processing PersistenceUnitInfo [name: default]
2026-05-21T17:50:58.986+03:00  INFO 298287 --- [           main] [                                                 ] org.hibernate.orm.core                   : HHH000001: Hibernate ORM core version 7.2.0.Final
2026-05-21T17:51:00.714+03:00  INFO 298287 --- [           main] [                                                 ] o.s.o.j.p.SpringPersistenceUnitInfo      : No LoadTimeWeaver setup: ignoring JPA class transformer
2026-05-21T17:51:00.830+03:00  INFO 298287 --- [           main] [                                                 ] com.zaxxer.hikari.HikariDataSource       : HikariPool-1 - Starting...
2026-05-21T17:51:01.497+03:00  INFO 298287 --- [           main] [                                                 ] com.zaxxer.hikari.pool.HikariPool        : HikariPool-1 - Added connection conn0: url=jdbc:h2:mem:testdb user=SA
2026-05-21T17:51:01.507+03:00  INFO 298287 --- [           main] [                                                 ] com.zaxxer.hikari.HikariDataSource       : HikariPool-1 - Start completed.
2026-05-21T17:51:01.594+03:00  WARN 298287 --- [           main] [                                                 ] org.hibernate.orm.deprecation            : HHH90000025: H2Dialect does not need to be specified explicitly using 'hibernate.dialect' (remove the property setting and it will be selected by default)
2026-05-21T17:51:01.667+03:00  INFO 298287 --- [           main] [                                                 ] org.hibernate.orm.connections.pooling    : HHH10001005: Database info:
	Database JDBC URL [jdbc:h2:mem:testdb]
	Database driver: H2 JDBC Driver
	Database dialect: H2Dialect
	Database version: 2.4.240
	Default catalog/schema: TESTDB/PUBLIC
	Autocommit mode: undefined/unknown
	Isolation level: READ_COMMITTED [default READ_COMMITTED]
	JDBC fetch size: 100
	Pool: DataSourceConnectionProvider
	Minimum pool size: undefined/unknown
	Maximum pool size: undefined/unknown
2026-05-21T17:51:04.677+03:00  INFO 298287 --- [           main] [                                                 ] org.hibernate.orm.core                   : HHH000489: No JTA platform available (set 'hibernate.transaction.jta.platform' to enable JTA platform integration)
2026-05-21T17:51:04.879+03:00  INFO 298287 --- [           main] [                                                 ] j.LocalContainerEntityManagerFactoryBean : Initialized JPA EntityManagerFactory for persistence unit 'default'
2026-05-21T17:51:05.318+03:00  INFO 298287 --- [           main] [                                                 ] o.s.d.j.r.query.QueryEnhancerFactories   : Hibernate is in classpath; If applicable, HQL parser will be used.
2026-05-21T17:51:07.961+03:00  WARN 298287 --- [           main] [                                                 ] JpaBaseConfiguration$JpaWebConfiguration : spring.jpa.open-in-view is enabled by default. Therefore, database queries may be performed during view rendering. Explicitly configure spring.jpa.open-in-view to disable this warning
2026-05-21T17:51:10.834+03:00  INFO 298287 --- [           main] [                                                 ] o.s.b.a.e.web.EndpointLinksResolver      : Exposing 1 endpoint beneath base path '/actuator'
2026-05-21T17:51:11.245+03:00  INFO 298287 --- [           main] [                                                 ] o.s.boot.tomcat.TomcatWebServer          : Tomcat started on port 38297 (http) with context path '/'
2026-05-21T17:51:11.326+03:00  INFO 298287 --- [           main] [                                                 ] c.s.m.MinipaymentEngineApplicationTests  : Started MinipaymentEngineApplicationTests in 28.242 seconds (process running for 34.1)
2026-05-21T17:51:11.642+03:00  WARN 298287 --- [           main] [                                                 ] o.s.core.events.SpringDocAppInitializer  : SpringDoc /v3/api-docs endpoint is enabled by default. To disable it in production, set the property 'springdoc.api-docs.enabled=false'
2026-05-21T17:51:11.643+03:00  WARN 298287 --- [           main] [                                                 ] o.s.core.events.SpringDocAppInitializer  : SpringDoc /swagger-ui.html endpoint is enabled by default. To disable it in production, set the property 'springdoc.swagger-ui.enabled=false'
2026-05-21T17:51:13.877+03:00  INFO 298287 --- [           main] [                                                 ] c.s.m.service.CustomerService            : Creating new customer with mobile number: +255711111111
2026-05-21T17:51:14.820+03:00  INFO 298287 --- [           main] [                                                 ] c.s.m.service.CustomerService            : Creating new customer with mobile number: +255722222222
2026-05-21T17:51:14.957+03:00  INFO 298287 --- [           main] [                                                 ] c.s.m.service.ChargeRuleService          : Creating charge rule for channel: USSD, amount range: 0 - 100.00
2026-05-21T17:51:14.972+03:00  INFO 298287 --- [           main] [                                                 ] c.s.m.service.ChargeRuleService          : Creating charge rule for channel: USSD, amount range: 100.01 - 1000.00
2026-05-21T17:51:15.381+03:00  INFO 298287 --- [o-auto-1-exec-1] [                                                 ] o.a.c.c.C.[Tomcat].[localhost].[/]       : Initializing Spring DispatcherServlet 'dispatcherServlet'
2026-05-21T17:51:15.383+03:00  INFO 298287 --- [o-auto-1-exec-1] [                                                 ] o.s.web.servlet.DispatcherServlet        : Initializing Servlet 'dispatcherServlet'
2026-05-21T17:51:15.389+03:00  INFO 298287 --- [o-auto-1-exec-1] [                                                 ] o.s.web.servlet.DispatcherServlet        : Completed initialization in 4 ms
2026-05-21T17:51:15.788+03:00  INFO 298287 --- [o-auto-1-exec-1] [5373c255eb8a31d0f8271c93e317e19f-8eedd406790867da] c.s.m.service.TransactionService         : Processing transaction for customer ID: 2 with idempotency key: a388f9aa-7542-4901-8fc6-d105b715eab9
]]></system-out>
    <system-err><![CDATA[Mockito is currently self-attaching to enable the inline-mock-maker. This will no longer work in future releases of the JDK. Please add Mockito as an agent to your build as described in Mockito's documentation: https://javadoc.io/doc/org.mockito/mockito-core/latest/org.mockito/org/mockito/Mockito.html#0.3
WARNING: A Java agent has been loaded dynamically (/home/sarinke/.m2/repository/net/bytebuddy/byte-buddy-agent/1.17.8/byte-buddy-agent-1.17.8.jar)
WARNING: If a serviceability tool is in use, please run with -XX:+EnableDynamicAgentLoading to hide this warning
WARNING: If a serviceability tool is not in use, please run with -Djdk.instrument.traceUsage for more information
WARNING: Dynamic loading of agents will be disallowed by default in a future release
]]></system-err>
  </testcase>
  <testcase name="testSuccessfulTransaction" classname="com.sarinkejohn.minipaymentengine.MinipaymentEngineApplicationTests" time="0.635">
    <system-out><![CDATA[2026-05-21T17:51:17.099+03:00  INFO 298287 --- [           main] [                                                 ] c.s.m.service.CustomerService            : Creating new customer with mobile number: +255711111111
2026-05-21T17:51:17.117+03:00  INFO 298287 --- [           main] [                                                 ] c.s.m.service.CustomerService            : Creating new customer with mobile number: +255722222222
2026-05-21T17:51:17.151+03:00  INFO 298287 --- [           main] [                                                 ] c.s.m.service.ChargeRuleService          : Creating charge rule for channel: USSD, amount range: 0 - 100.00
2026-05-21T17:51:17.159+03:00  INFO 298287 --- [           main] [                                                 ] c.s.m.service.ChargeRuleService          : Creating charge rule for channel: USSD, amount range: 100.01 - 1000.00
2026-05-21T17:51:17.186+03:00  INFO 298287 --- [o-auto-1-exec-2] [0786130f42850299c351d96c2b736f52-cf1a8e564b0c49a1] c.s.m.service.TransactionService         : Processing transaction for customer ID: 3 with idempotency key: 611c117e-1603-4584-8679-94e8ca116293
2026-05-21T17:51:17.362+03:00  INFO 298287 --- [o-auto-1-exec-2] [0786130f42850299c351d96c2b736f52-cf1a8e564b0c49a1] c.s.m.service.TransactionService         : Transaction 1 processed successfully. Amount: 50.00, Charge: 5.00, Total Debit: 55.00
]]></system-out>
  </testcase>
  <testcase name="testInsufficientBalance" classname="com.sarinkejohn.minipaymentengine.MinipaymentEngineApplicationTests" time="0.211">
    <system-out><![CDATA[2026-05-21T17:51:17.713+03:00  INFO 298287 --- [           main] [                                                 ] c.s.m.service.CustomerService            : Creating new customer with mobile number: +255711111111
2026-05-21T17:51:17.725+03:00  INFO 298287 --- [           main] [                                                 ] c.s.m.service.CustomerService            : Creating new customer with mobile number: +255722222222
2026-05-21T17:51:17.746+03:00  INFO 298287 --- [           main] [                                                 ] c.s.m.service.ChargeRuleService          : Creating charge rule for channel: USSD, amount range: 0 - 100.00
2026-05-21T17:51:17.752+03:00  INFO 298287 --- [           main] [                                                 ] c.s.m.service.ChargeRuleService          : Creating charge rule for channel: USSD, amount range: 100.01 - 1000.00
2026-05-21T17:51:17.789+03:00  INFO 298287 --- [o-auto-1-exec-3] [05b9a545403f1c7d811c3349ae4e3024-138d532870188b76] c.s.m.service.TransactionService         : Processing transaction for customer ID: 5 with idempotency key: a45524df-b16f-431d-8aac-874a35fe5726
]]></system-out>
  </testcase>
  <testcase name="testMissingChargeRule" classname="com.sarinkejohn.minipaymentengine.MinipaymentEngineApplicationTests" time="0.203">
    <system-out><![CDATA[2026-05-21T17:51:17.931+03:00  INFO 298287 --- [           main] [                                                 ] c.s.m.service.CustomerService            : Creating new customer with mobile number: +255711111111
2026-05-21T17:51:17.948+03:00  INFO 298287 --- [           main] [                                                 ] c.s.m.service.CustomerService            : Creating new customer with mobile number: +255722222222
2026-05-21T17:51:17.979+03:00  INFO 298287 --- [           main] [                                                 ] c.s.m.service.ChargeRuleService          : Creating charge rule for channel: USSD, amount range: 0 - 100.00
2026-05-21T17:51:17.986+03:00  INFO 298287 --- [           main] [                                                 ] c.s.m.service.ChargeRuleService          : Creating charge rule for channel: USSD, amount range: 100.01 - 1000.00
2026-05-21T17:51:18.009+03:00  INFO 298287 --- [o-auto-1-exec-4] [a7bdbcb1434594821b086657ec1f1900-c7865cac6ac73ecf] c.s.m.service.TransactionService         : Processing transaction for customer ID: 7 with idempotency key: bcf9cf86-c9aa-43bf-8d7d-59db5747b536
]]></system-out>
  </testcase>
  <testcase name="testDuplicateIdempotencyKey" classname="com.sarinkejohn.minipaymentengine.MinipaymentEngineApplicationTests" time="0.292">
    <system-out><![CDATA[2026-05-21T17:51:18.131+03:00  INFO 298287 --- [           main] [                                                 ] c.s.m.service.CustomerService            : Creating new customer with mobile number: +255711111111
2026-05-21T17:51:18.147+03:00  INFO 298287 --- [           main] [                                                 ] c.s.m.service.CustomerService            : Creating new customer with mobile number: +255722222222
2026-05-21T17:51:18.176+03:00  INFO 298287 --- [           main] [                                                 ] c.s.m.service.ChargeRuleService          : Creating charge rule for channel: USSD, amount range: 0 - 100.00
2026-05-21T17:51:18.183+03:00  INFO 298287 --- [           main] [                                                 ] c.s.m.service.ChargeRuleService          : Creating charge rule for channel: USSD, amount range: 100.01 - 1000.00
2026-05-21T17:51:18.207+03:00  INFO 298287 --- [o-auto-1-exec-5] [50c2d672e9b4eebdc76e5210fe5d6203-bf8656d07665e538] c.s.m.service.TransactionService         : Processing transaction for customer ID: 9 with idempotency key: 7246a22c-267e-498a-b31b-c58951b6b9eb
2026-05-21T17:51:18.248+03:00  INFO 298287 --- [o-auto-1-exec-5] [50c2d672e9b4eebdc76e5210fe5d6203-bf8656d07665e538] c.s.m.service.TransactionService         : Transaction 2 processed successfully. Amount: 50.00, Charge: 5.00, Total Debit: 55.00
2026-05-21T17:51:18.295+03:00  INFO 298287 --- [o-auto-1-exec-6] [643c9c3bc0e953ae72b1ae9cd743fbbc-322f94e05debfae4] c.s.m.service.TransactionService         : Processing transaction for customer ID: 9 with idempotency key: 7246a22c-267e-498a-b31b-c58951b6b9eb
2026-05-21T17:51:18.301+03:00  INFO 298287 --- [o-auto-1-exec-6] [643c9c3bc0e953ae72b1ae9cd743fbbc-322f94e05debfae4] c.s.m.service.TransactionService         : Duplicate request detected for idempotency key: 7246a22c-267e-498a-b31b-c58951b6b9eb. Returning cached response.
]]></system-out>
  </testcase>
  <testcase name="contextLoads" classname="com.sarinkejohn.minipaymentengine.MinipaymentEngineApplicationTests" time="0.136">
    <system-out><![CDATA[2026-05-21T17:51:18.436+03:00  INFO 298287 --- [           main] [                                                 ] c.s.m.service.CustomerService            : Creating new customer with mobile number: +255711111111
2026-05-21T17:51:18.452+03:00  INFO 298287 --- [           main] [                                                 ] c.s.m.service.CustomerService            : Creating new customer with mobile number: +255722222222
2026-05-21T17:51:18.483+03:00  INFO 298287 --- [           main] [                                                 ] c.s.m.service.ChargeRuleService          : Creating charge rule for channel: USSD, amount range: 0 - 100.00
2026-05-21T17:51:18.490+03:00  INFO 298287 --- [           main] [                                                 ] c.s.m.service.ChargeRuleService          : Creating charge rule for channel: USSD, amount range: 100.01 - 1000.00
]]></system-out>
  </testcase>
</testsuite>